<?xml version="1.0" encoding="UTF-8"?>
<!-- Generated by org.testng.reporters.JUnitReportReporter -->
<testsuite skipped="0" hostname="NCA1031772" name="com.mercury.test.MercuryWelcomeTest" tests="2" failures="0" timestamp="17 Feb 2019 13:12:49 GMT" time="15.236" errors="0">
  <testcase name="validateMercuryWelcomePageTitel" time="5.185" classname="com.mercury.test.MercuryWelcomeTest"/>
  <testcase name="validateMercuryLogin" time="10.051" classname="com.mercury.test.MercuryWelcomeTest"/>
</testsuite> <!-- com.mercury.test.MercuryWelcomeTest -->
