<?xml version="1.0" encoding="UTF-8"?>
<!-- Generated by org.testng.reporters.JUnitReportReporter -->
<testsuite skipped="0" hostname="NCA1031772" name="com.mercury.test.MercuryReservationTest" tests="2" failures="0" timestamp="17 Feb 2019 13:12:49 GMT" time="26.321" errors="0">
  <testcase name="validateMercuryFlightReservationPagetitle" time="12.152" classname="com.mercury.test.MercuryReservationTest"/>
  <testcase name="validateMercuryFlightReservation" time="14.169" classname="com.mercury.test.MercuryReservationTest"/>
</testsuite> <!-- com.mercury.test.MercuryReservationTest -->
